[05-Jan-2022 18:29:51 Europe/Moscow] PHP Fatal error:  Uncaught [23000] - SQLSTATE[23000]: Integrity constraint violation: 1048 Column 'id' cannot be null
trace: #0 /home/c/cr94782/swrp/public_html/libs/rb.php(1175): RedBeanPHP\Driver\RPDO->runQuery('INSERT INTO `us...', Array)
#1 /home/c/cr94782/swrp/public_html/libs/rb.php(1215): RedBeanPHP\Driver\RPDO->GetAll('INSERT INTO `us...', Array)
#2 /home/c/cr94782/swrp/public_html/libs/rb.php(4390): RedBeanPHP\Driver\RPDO->GetOne('INSERT INTO `us...', Array)
#3 /home/c/cr94782/swrp/public_html/libs/rb.php(6138): RedBeanPHP\Adapter\DBAdapter->getCell('INSERT INTO `us...', Array, 0)
#4 /home/c/cr94782/swrp/public_html/libs/rb.php(6265): RedBeanPHP\QueryWriter\AQueryWriter->insertRecord('usersbz', Array, Array)
#5 /home/c/cr94782/swrp/public_html/libs/rb.php(9835): RedBeanPHP\QueryWriter\AQueryWriter->updateRecord('usersbz', Array, 0)
#6 /home/c/cr94782/swrp/public_html/libs/rb.php(9385): RedBeanPHP\Repository\Fluid->storeBean(Object(RedBeanPHP\OODBBean))
#7 /home/c/cr94782/swrp/public_html/libs/rb.php(10495): RedBeanPHP\Repository->store(Object(RedBeanPHP\OODBBean))
#8 /home/c/cr94782/swrp/public_html/libs/rb.php(13367): RedBeanPHP\OODB->store(Object(RedBeanPHP\OODBBean))
#9 /home/c/cr94782/swrp/public_html/signup.php(102): RedBeanPHP\Facade::store(Object(RedBeanPHP\OODBBean))
#10 {main}
  thrown in /home/c/cr94782/swrp/public_html/libs/rb.php on line 838
[05-Jan-2022 18:30:00 Europe/Moscow] PHP Fatal error:  Uncaught [23000] - SQLSTATE[23000]: Integrity constraint violation: 1048 Column 'id' cannot be null
trace: #0 /home/c/cr94782/swrp/public_html/libs/rb.php(1175): RedBeanPHP\Driver\RPDO->runQuery('INSERT INTO `us...', Array)
#1 /home/c/cr94782/swrp/public_html/libs/rb.php(1215): RedBeanPHP\Driver\RPDO->GetAll('INSERT INTO `us...', Array)
#2 /home/c/cr94782/swrp/public_html/libs/rb.php(4390): RedBeanPHP\Driver\RPDO->GetOne('INSERT INTO `us...', Array)
#3 /home/c/cr94782/swrp/public_html/libs/rb.php(6138): RedBeanPHP\Adapter\DBAdapter->getCell('INSERT INTO `us...', Array, 0)
#4 /home/c/cr94782/swrp/public_html/libs/rb.php(6265): RedBeanPHP\QueryWriter\AQueryWriter->insertRecord('usersbz', Array, Array)
#5 /home/c/cr94782/swrp/public_html/libs/rb.php(9835): RedBeanPHP\QueryWriter\AQueryWriter->updateRecord('usersbz', Array, 0)
#6 /home/c/cr94782/swrp/public_html/libs/rb.php(9385): RedBeanPHP\Repository\Fluid->storeBean(Object(RedBeanPHP\OODBBean))
#7 /home/c/cr94782/swrp/public_html/libs/rb.php(10495): RedBeanPHP\Repository->store(Object(RedBeanPHP\OODBBean))
#8 /home/c/cr94782/swrp/public_html/libs/rb.php(13367): RedBeanPHP\OODB->store(Object(RedBeanPHP\OODBBean))
#9 /home/c/cr94782/swrp/public_html/signup.php(102): RedBeanPHP\Facade::store(Object(RedBeanPHP\OODBBean))
#10 {main}
  thrown in /home/c/cr94782/swrp/public_html/libs/rb.php on line 838
